<?xml version="1.0" encoding="UTF-8"?>
<!-- Generated by org.testng.reporters.JUnitReportReporter -->
<testsuite hostname="Gayatri" failures="0" tests="2" name="testClass.Test_cases" time="11.070" errors="0" timestamp="2022-09-01T17:21:38 IST" skipped="0">
  <testcase classname="testClass.Test_cases" name="excuteTest" time="7.515"/>
  <system-out/>
  <testcase classname="testClass.Test_cases" name="excute_reg" time="3.555"/>
  <system-out/>
</testsuite> <!-- testClass.Test_cases -->
